  [1m[35m (4.0ms)[0m  [1m[34mSELECT sqlite_version(*)[0m
  [1m[35m (103.5ms)[0m  [1m[35mCREATE TABLE "schema_migrations" ("version" varchar NOT NULL PRIMARY KEY)[0m
  [1m[35m (116.1ms)[0m  [1m[35mCREATE TABLE "ar_internal_metadata" ("key" varchar NOT NULL PRIMARY KEY, "value" varchar, "created_at" datetime(6) NOT NULL, "updated_at" datetime(6) NOT NULL)[0m
  [1m[35m (0.4ms)[0m  [1m[34mSELECT "schema_migrations"."version" FROM "schema_migrations" ORDER BY "schema_migrations"."version" ASC[0m
Migrating to CreateUsers (20210122154604)
  [1m[36mTRANSACTION (0.1ms)[0m  [1m[36mbegin transaction[0m
  [1m[35m (0.4ms)[0m  [1m[35mCREATE TABLE "users" ("id" integer PRIMARY KEY AUTOINCREMENT NOT NULL, "username" varchar, "email" varchar, "password" varchar, "created_at" datetime(6) NOT NULL, "updated_at" datetime(6) NOT NULL)[0m
  [1m[36mActiveRecord::SchemaMigration Create (0.2ms)[0m  [1m[32mINSERT INTO "schema_migrations" ("version") VALUES (?)[0m  [["version", "20210122154604"]]
  [1m[36mTRANSACTION (92.1ms)[0m  [1m[36mcommit transaction[0m
  [1m[36mActiveRecord::InternalMetadata Load (0.8ms)[0m  [1m[34mSELECT "ar_internal_metadata".* FROM "ar_internal_metadata" WHERE "ar_internal_metadata"."key" = ? LIMIT ?[0m  [["key", "environment"], ["LIMIT", 1]]
  [1m[36mTRANSACTION (0.3ms)[0m  [1m[36mbegin transaction[0m
  [1m[36mActiveRecord::InternalMetadata Create (1.7ms)[0m  [1m[32mINSERT INTO "ar_internal_metadata" ("key", "value", "created_at", "updated_at") VALUES (?, ?, ?, ?)[0m  [["key", "environment"], ["value", "development"], ["created_at", "2021-01-22 15:46:19.639347"], ["updated_at", "2021-01-22 15:46:19.639347"]]
  [1m[36mTRANSACTION (82.4ms)[0m  [1m[36mcommit transaction[0m
  [1m[35m (0.3ms)[0m  [1m[34mSELECT sqlite_version(*)[0m
  [1m[35m (0.4ms)[0m  [1m[34mSELECT "schema_migrations"."version" FROM "schema_migrations" ORDER BY "schema_migrations"."version" ASC[0m
Started GET "/users/new" for ::1 at 2021-01-22 10:55:20 -0500
  [1m[35m (0.7ms)[0m  [1m[34mSELECT sqlite_version(*)[0m
  [1m[35m (0.2ms)[0m  [1m[34mSELECT "schema_migrations"."version" FROM "schema_migrations" ORDER BY "schema_migrations"."version" ASC[0m
Processing by UsersController#new as HTML
  Rendering layout layouts/application.html.erb
  Rendering users/new.html.erb within layouts/application
  Rendered users/new.html.erb within layouts/application (Duration: 1.8ms | Allocations: 314)
[Webpacker] Compiling...
Started GET "/users/new" for ::1 at 2021-01-22 10:55:27 -0500
Processing by UsersController#new as HTML
  Rendering layout layouts/application.html.erb
  Rendering users/new.html.erb within layouts/application
  Rendered users/new.html.erb within layouts/application (Duration: 0.2ms | Allocations: 38)
[Webpacker] Compiling...
[Webpacker] Compiled all packs in /home/tavo/Microverse/Rails/re-former/forms_authentication/public/packs
[Webpacker] Hash: 415a948d492e21802f43
Version: webpack 4.46.0
Time: 3340ms
Built at: 01/22/2021 10:55:27 AM
                                     Asset       Size       Chunks                         Chunk Names
    js/application-d5a3c3b4dce84b5eb605.js    125 KiB  application  [emitted] [immutable]  application
js/application-d5a3c3b4dce84b5eb605.js.map    139 KiB  application  [emitted] [dev]        application
                             manifest.json  364 bytes               [emitted]              
Entrypoint application = js/application-d5a3c3b4dce84b5eb605.js js/application-d5a3c3b4dce84b5eb605.js.map
[./app/javascript/channels sync recursive _channel\.js$] ./app/javascript/channels sync _channel\.js$ 160 bytes {application} [built]
[./app/javascript/channels/index.js] 211 bytes {application} [built]
[./app/javascript/packs/application.js] 492 bytes {application} [built]
[./node_modules/webpack/buildin/module.js] (webpack)/buildin/module.js 552 bytes {application} [built]
    + 3 hidden modules

  Rendered layout layouts/application.html.erb (Duration: 7305.1ms | Allocations: 22334)
Completed 200 OK in 7372ms (Views: 7326.3ms | ActiveRecord: 0.0ms | Allocations: 25885)


Started GET "/users/new" for ::1 at 2021-01-22 10:55:30 -0500
Processing by UsersController#new as HTML
  Rendering layout layouts/application.html.erb
  Rendering users/new.html.erb within layouts/application
  Rendered users/new.html.erb within layouts/application (Duration: 0.2ms | Allocations: 38)
[Webpacker] Everything's up-to-date. Nothing to do
  Rendered layout layouts/application.html.erb (Duration: 10.9ms | Allocations: 3019)
Completed 200 OK in 14ms (Views: 11.9ms | ActiveRecord: 0.0ms | Allocations: 3345)


[Webpacker] Compiled all packs in /home/tavo/Microverse/Rails/re-former/forms_authentication/public/packs
[Webpacker] Hash: 415a948d492e21802f43
Version: webpack 4.46.0
Time: 1109ms
Built at: 01/22/2021 10:55:31 AM
                                     Asset       Size       Chunks                         Chunk Names
    js/application-d5a3c3b4dce84b5eb605.js    125 KiB  application  [emitted] [immutable]  application
js/application-d5a3c3b4dce84b5eb605.js.map    139 KiB  application  [emitted] [dev]        application
                             manifest.json  364 bytes               [emitted]              
Entrypoint application = js/application-d5a3c3b4dce84b5eb605.js js/application-d5a3c3b4dce84b5eb605.js.map
[./app/javascript/channels sync recursive _channel\.js$] ./app/javascript/channels sync _channel\.js$ 160 bytes {application} [built]
[./app/javascript/channels/index.js] 211 bytes {application} [built]
[./app/javascript/packs/application.js] 492 bytes {application} [built]
[./node_modules/webpack/buildin/module.js] (webpack)/buildin/module.js 552 bytes {application} [built]
    + 3 hidden modules

  Rendered layout layouts/application.html.erb (Duration: 4564.2ms | Allocations: 21446)
Completed 200 OK in 4566ms (Views: 4564.9ms | ActiveRecord: 0.0ms | Allocations: 21774)


Started GET "/users/new" for ::1 at 2021-01-22 10:56:48 -0500
Processing by UsersController#new as HTML
  Rendering layout layouts/application.html.erb
  Rendering users/new.html.erb within layouts/application
  Rendered users/new.html.erb within layouts/application (Duration: 1.4ms | Allocations: 113)
[Webpacker] Everything's up-to-date. Nothing to do
  Rendered layout layouts/application.html.erb (Duration: 19.6ms | Allocations: 3254)
Completed 200 OK in 28ms (Views: 25.2ms | ActiveRecord: 0.0ms | Allocations: 4341)


Started GET "/action_page.php?fname=&lname=" for ::1 at 2021-01-22 10:57:24 -0500
  
ActionController::RoutingError (No route matches [GET] "/action_page.php"):
  
Started GET "/users/new" for ::1 at 2021-01-22 10:57:27 -0500
Processing by UsersController#new as HTML
  Rendering layout layouts/application.html.erb
  Rendering users/new.html.erb within layouts/application
  Rendered users/new.html.erb within layouts/application (Duration: 0.2ms | Allocations: 38)
[Webpacker] Everything's up-to-date. Nothing to do
  Rendered layout layouts/application.html.erb (Duration: 8.7ms | Allocations: 3148)
Completed 200 OK in 11ms (Views: 9.7ms | ActiveRecord: 0.0ms | Allocations: 3598)


Started GET "/users/new" for ::1 at 2021-01-22 11:00:07 -0500
Processing by UsersController#new as HTML
  Rendering layout layouts/application.html.erb
  Rendering users/new.html.erb within layouts/application
  Rendered users/new.html.erb within layouts/application (Duration: 0.5ms | Allocations: 113)
[Webpacker] Everything's up-to-date. Nothing to do
  Rendered layout layouts/application.html.erb (Duration: 7.0ms | Allocations: 3265)
Completed 200 OK in 12ms (Views: 10.5ms | ActiveRecord: 0.0ms | Allocations: 4359)


Started GET "/users/new" for ::1 at 2021-01-22 11:00:15 -0500
Processing by UsersController#new as HTML
  Rendering layout layouts/application.html.erb
  Rendering users/new.html.erb within layouts/application
  Rendered users/new.html.erb within layouts/application (Duration: 0.2ms | Allocations: 38)
[Webpacker] Everything's up-to-date. Nothing to do
  Rendered layout layouts/application.html.erb (Duration: 10.1ms | Allocations: 3008)
Completed 200 OK in 12ms (Views: 11.1ms | ActiveRecord: 0.0ms | Allocations: 3384)


Started GET "/users/new" for ::1 at 2021-01-22 11:00:28 -0500
Processing by UsersController#new as HTML
  Rendering layout layouts/application.html.erb
  Rendering users/new.html.erb within layouts/application
  Rendered users/new.html.erb within layouts/application (Duration: 0.4ms | Allocations: 111)
[Webpacker] Everything's up-to-date. Nothing to do
  Rendered layout layouts/application.html.erb (Duration: 6.8ms | Allocations: 3252)
Completed 200 OK in 10ms (Views: 8.5ms | ActiveRecord: 0.0ms | Allocations: 4337)


Started GET "/new?username=asas&password=[FILTERED]" for ::1 at 2021-01-22 11:00:31 -0500
  
ActionController::RoutingError (No route matches [GET] "/new"):
  
Started GET "/users/new" for ::1 at 2021-01-22 11:00:45 -0500
Processing by UsersController#new as HTML
  Rendering layout layouts/application.html.erb
  Rendering users/new.html.erb within layouts/application
  Rendered users/new.html.erb within layouts/application (Duration: 0.1ms | Allocations: 38)
[Webpacker] Everything's up-to-date. Nothing to do
  Rendered layout layouts/application.html.erb (Duration: 4.8ms | Allocations: 3011)
Completed 200 OK in 6ms (Views: 5.5ms | ActiveRecord: 0.0ms | Allocations: 3386)


Started GET "/new?username=asas&password=[FILTERED]" for ::1 at 2021-01-22 11:00:56 -0500
  
ActionController::RoutingError (No route matches [GET] "/new"):
  
Started GET "/users/new" for ::1 at 2021-01-22 11:01:00 -0500
Processing by UsersController#new as HTML
  Rendering layout layouts/application.html.erb
  Rendering users/new.html.erb within layouts/application
  Rendered users/new.html.erb within layouts/application (Duration: 0.4ms | Allocations: 110)
[Webpacker] Everything's up-to-date. Nothing to do
  Rendered layout layouts/application.html.erb (Duration: 7.3ms | Allocations: 3262)
Completed 200 OK in 11ms (Views: 9.3ms | ActiveRecord: 0.0ms | Allocations: 4346)


Started GET "/users/new" for ::1 at 2021-01-22 11:01:01 -0500
Processing by UsersController#new as HTML
  Rendering layout layouts/application.html.erb
  Rendering users/new.html.erb within layouts/application
  Rendered users/new.html.erb within layouts/application (Duration: 0.3ms | Allocations: 38)
[Webpacker] Everything's up-to-date. Nothing to do
  Rendered layout layouts/application.html.erb (Duration: 18.0ms | Allocations: 3006)
Completed 200 OK in 22ms (Views: 19.9ms | ActiveRecord: 0.0ms | Allocations: 3381)


Started GET "/create?username=asas&password=[FILTERED]" for ::1 at 2021-01-22 11:01:11 -0500
  
ActionController::RoutingError (No route matches [GET] "/create"):
  
Started GET "/create?username=asas&password=[FILTERED]" for ::1 at 2021-01-22 11:03:32 -0500
  
ActionController::RoutingError (No route matches [GET] "/create"):
  
Started GET "/users/new" for ::1 at 2021-01-22 11:03:33 -0500
Processing by UsersController#new as HTML
  Rendering layout layouts/application.html.erb
  Rendering users/new.html.erb within layouts/application
  Rendered users/new.html.erb within layouts/application (Duration: 1.0ms | Allocations: 112)
[Webpacker] Everything's up-to-date. Nothing to do
  Rendered layout layouts/application.html.erb (Duration: 15.1ms | Allocations: 3264)
Completed 200 OK in 21ms (Views: 18.8ms | Allocations: 4347)


Started GET "/users/new" for ::1 at 2021-01-22 11:03:34 -0500
Processing by UsersController#new as HTML
  Rendering layout layouts/application.html.erb
  Rendering users/new.html.erb within layouts/application
  Rendered users/new.html.erb within layouts/application (Duration: 0.1ms | Allocations: 38)
[Webpacker] Everything's up-to-date. Nothing to do
  Rendered layout layouts/application.html.erb (Duration: 6.8ms | Allocations: 3007)
Completed 200 OK in 9ms (Views: 7.7ms | Allocations: 3384)


Started GET "/users/new" for ::1 at 2021-01-22 11:03:41 -0500
Processing by UsersController#new as HTML
  Rendering layout layouts/application.html.erb
  Rendering users/new.html.erb within layouts/application
  Rendered users/new.html.erb within layouts/application (Duration: 0.8ms | Allocations: 113)
[Webpacker] Everything's up-to-date. Nothing to do
  Rendered layout layouts/application.html.erb (Duration: 19.0ms | Allocations: 3261)
Completed 200 OK in 24ms (Views: 21.5ms | Allocations: 4342)


Started GET "/new?username=&email=asas%40asasas&password=" for ::1 at 2021-01-22 11:03:45 -0500
  
ActionController::RoutingError (No route matches [GET] "/new"):
  
Started GET "/new?username=&email=asas%40asasas&password=" for ::1 at 2021-01-22 11:05:33 -0500
  
ActionController::RoutingError (No route matches [GET] "/new"):
  
Started GET "/users/new" for ::1 at 2021-01-22 11:05:34 -0500
Processing by UsersController#new as HTML
  Rendering layout layouts/application.html.erb
  Rendering users/new.html.erb within layouts/application
  Rendered users/new.html.erb within layouts/application (Duration: 1.0ms | Allocations: 151)
[Webpacker] Everything's up-to-date. Nothing to do
  Rendered layout layouts/application.html.erb (Duration: 7.6ms | Allocations: 3302)
Completed 200 OK in 13ms (Views: 10.9ms | Allocations: 4386)


Started GET "/users/new" for ::1 at 2021-01-22 11:05:36 -0500
Processing by UsersController#new as HTML
  Rendering layout layouts/application.html.erb
  Rendering users/new.html.erb within layouts/application
  Rendered users/new.html.erb within layouts/application (Duration: 0.4ms | Allocations: 58)
[Webpacker] Everything's up-to-date. Nothing to do
  Rendered layout layouts/application.html.erb (Duration: 6.0ms | Allocations: 3025)
Completed 200 OK in 9ms (Views: 7.5ms | Allocations: 3400)


Started GET "/new?authenticity_token=[FILTERED]&username=asas&email=asas%40asasas&password=[FILTERED]" for ::1 at 2021-01-22 11:05:40 -0500
  
ActionController::RoutingError (No route matches [GET] "/new"):
  
Started GET "/new?authenticity_token=[FILTERED]&username=asas&email=asas%40asasas&password=[FILTERED]" for ::1 at 2021-01-22 11:07:37 -0500
  
ActionController::RoutingError (No route matches [GET] "/new"):
  
Started GET "/users/new" for ::1 at 2021-01-22 11:07:38 -0500
Processing by UsersController#new as HTML
  Rendering layout layouts/application.html.erb
  Rendering users/new.html.erb within layouts/application
  Rendered users/new.html.erb within layouts/application (Duration: 0.9ms | Allocations: 150)
[Webpacker] Everything's up-to-date. Nothing to do
  Rendered layout layouts/application.html.erb (Duration: 8.3ms | Allocations: 3301)
Completed 200 OK in 12ms (Views: 11.0ms | Allocations: 4384)


Started GET "/new?authenticity_token=[FILTERED]&username=asas&email=asas%40asasas&password=[FILTERED]" for ::1 at 2021-01-22 11:07:41 -0500
  
ActionController::RoutingError (No route matches [GET] "/new"):
  
Started GET "/new?authenticity_token=[FILTERED]&username=asas&email=asas%40asasas&password=[FILTERED]" for ::1 at 2021-01-22 11:10:50 -0500
  
ActionController::RoutingError (No route matches [GET] "/new"):
  
Started GET "/new?authenticity_token=[FILTERED]&username=asas&email=asas%40asasas&password=[FILTERED]" for ::1 at 2021-01-22 11:10:51 -0500
  
ActionController::RoutingError (No route matches [GET] "/new"):
  
Started GET "/users/new" for ::1 at 2021-01-22 11:10:52 -0500
Processing by UsersController#new as HTML
  Rendering layout layouts/application.html.erb
  Rendering users/new.html.erb within layouts/application
  Rendered users/new.html.erb within layouts/application (Duration: 1.2ms | Allocations: 151)
[Webpacker] Everything's up-to-date. Nothing to do
  Rendered layout layouts/application.html.erb (Duration: 10.8ms | Allocations: 3302)
Completed 200 OK in 16ms (Views: 13.2ms | Allocations: 4386)


Started GET "/users/new" for ::1 at 2021-01-22 11:10:53 -0500
Processing by UsersController#new as HTML
  Rendering layout layouts/application.html.erb
  Rendering users/new.html.erb within layouts/application
  Rendered users/new.html.erb within layouts/application (Duration: 0.2ms | Allocations: 58)
[Webpacker] Everything's up-to-date. Nothing to do
  Rendered layout layouts/application.html.erb (Duration: 7.4ms | Allocations: 3025)
Completed 200 OK in 9ms (Views: 8.2ms | Allocations: 3400)


Started GET "/users/new?authenticity_token=[FILTERED]&username=&email=&password=" for ::1 at 2021-01-22 11:10:54 -0500
Processing by UsersController#new as HTML
  Parameters: {"authenticity_token"=>"[FILTERED]", "username"=>"", "email"=>"", "password"=>"[FILTERED]"}
  Rendering layout layouts/application.html.erb
  Rendering users/new.html.erb within layouts/application
  Rendered users/new.html.erb within layouts/application (Duration: 0.3ms | Allocations: 58)
[Webpacker] Everything's up-to-date. Nothing to do
  Rendered layout layouts/application.html.erb (Duration: 9.5ms | Allocations: 3025)
Completed 200 OK in 12ms (Views: 10.5ms | Allocations: 3400)


Started GET "/users/new?authenticity_token=[FILTERED]&username=asas&email=asas%40asasas&password=[FILTERED]" for ::1 at 2021-01-22 11:10:58 -0500
Processing by UsersController#new as HTML
  Parameters: {"authenticity_token"=>"[FILTERED]", "username"=>"asas", "email"=>"asas@asasas", "password"=>"[FILTERED]"}
  Rendering layout layouts/application.html.erb
  Rendering users/new.html.erb within layouts/application
  Rendered users/new.html.erb within layouts/application (Duration: 0.5ms | Allocations: 58)
[Webpacker] Everything's up-to-date. Nothing to do
  Rendered layout layouts/application.html.erb (Duration: 7.0ms | Allocations: 3025)
Completed 200 OK in 9ms (Views: 7.9ms | Allocations: 3399)


Started GET "/users/new?authenticity_token=[FILTERED]&username=asas&email=kmejiacortina%40gmail.com&password=[FILTERED]" for ::1 at 2021-01-22 11:11:42 -0500
Processing by UsersController#new as HTML
  Parameters: {"authenticity_token"=>"[FILTERED]", "username"=>"asas", "email"=>"kmejiacortina@gmail.com", "password"=>"[FILTERED]"}
  Rendering layout layouts/application.html.erb
  Rendering users/new.html.erb within layouts/application
  Rendered users/new.html.erb within layouts/application (Duration: 0.8ms | Allocations: 151)
[Webpacker] Everything's up-to-date. Nothing to do
  Rendered layout layouts/application.html.erb (Duration: 7.7ms | Allocations: 3291)
Completed 200 OK in 13ms (Views: 10.1ms | Allocations: 4369)


Started GET "/users/new?authenticity_token=[FILTERED]&username=asas&email=kmejiacortina%40gmail.com&password=[FILTERED]" for ::1 at 2021-01-22 11:11:48 -0500
Processing by UsersController#new as HTML
  Parameters: {"authenticity_token"=>"[FILTERED]", "username"=>"asas", "email"=>"kmejiacortina@gmail.com", "password"=>"[FILTERED]"}
  Rendering layout layouts/application.html.erb
  Rendering users/new.html.erb within layouts/application
  Rendered users/new.html.erb within layouts/application (Duration: 1.0ms | Allocations: 113)
[Webpacker] Everything's up-to-date. Nothing to do
  Rendered layout layouts/application.html.erb (Duration: 9.0ms | Allocations: 3254)
Completed 200 OK in 16ms (Views: 11.9ms | Allocations: 4332)


Started GET "/users/new?username=asas&email=asas%40asasas&password=[FILTERED]" for ::1 at 2021-01-22 11:11:53 -0500
Processing by UsersController#new as HTML
  Parameters: {"username"=>"asas", "email"=>"asas@asasas", "password"=>"[FILTERED]"}
  Rendering layout layouts/application.html.erb
  Rendering users/new.html.erb within layouts/application
  Rendered users/new.html.erb within layouts/application (Duration: 0.2ms | Allocations: 38)
[Webpacker] Everything's up-to-date. Nothing to do
  Rendered layout layouts/application.html.erb (Duration: 7.5ms | Allocations: 3006)
Completed 200 OK in 10ms (Views: 8.6ms | Allocations: 3381)


Started GET "/users/new?username=asas&email=asas%40asasas&password=[FILTERED]" for ::1 at 2021-01-22 11:12:43 -0500
  [1m[35m (0.9ms)[0m  [1m[34mSELECT sqlite_version(*)[0m
  [1m[35m (0.2ms)[0m  [1m[34mSELECT "schema_migrations"."version" FROM "schema_migrations" ORDER BY "schema_migrations"."version" ASC[0m
Processing by UsersController#new as HTML
  Parameters: {"username"=>"asas", "email"=>"asas@asasas", "password"=>"[FILTERED]"}
  Rendering layout layouts/application.html.erb
  Rendering users/new.html.erb within layouts/application
  Rendered users/new.html.erb within layouts/application (Duration: 1.6ms | Allocations: 227)
[Webpacker] Everything's up-to-date. Nothing to do
  Rendered layout layouts/application.html.erb (Duration: 51.3ms | Allocations: 5250)
Completed 200 OK in 70ms (Views: 56.7ms | ActiveRecord: 0.0ms | Allocations: 7832)


Started GET "/users/new?username=asas&email=asas%40asasas&password=[FILTERED]" for ::1 at 2021-01-22 11:15:57 -0500
Processing by UsersController#new as HTML
  Parameters: {"username"=>"asas", "email"=>"asas@asasas", "password"=>"[FILTERED]"}
  Rendering layout layouts/application.html.erb
  Rendering users/new.html.erb within layouts/application
  Rendered users/new.html.erb within layouts/application (Duration: 0.4ms | Allocations: 112)
[Webpacker] Everything's up-to-date. Nothing to do
  Rendered layout layouts/application.html.erb (Duration: 5.7ms | Allocations: 3255)
Completed 200 OK in 71ms (Views: 7.3ms | ActiveRecord: 0.0ms | Allocations: 4340)


Started GET "/users/create?username=asas&email=asas%40asasas&password=[FILTERED]" for ::1 at 2021-01-22 11:16:02 -0500
  
ActionController::RoutingError (No route matches [GET] "/users/create"):
  
Started GET "/users/new?username=asas&email=asas%40asasas&password=[FILTERED]" for ::1 at 2021-01-22 11:17:46 -0500
Processing by UsersController#new as HTML
  Parameters: {"username"=>"asas", "email"=>"asas@asasas", "password"=>"[FILTERED]"}
  Rendering layout layouts/application.html.erb
  Rendering users/new.html.erb within layouts/application
  Rendered users/new.html.erb within layouts/application (Duration: 0.5ms | Allocations: 115)
[Webpacker] Everything's up-to-date. Nothing to do
  Rendered layout layouts/application.html.erb (Duration: 6.0ms | Allocations: 3398)
Completed 200 OK in 11ms (Views: 8.5ms | ActiveRecord: 0.0ms | Allocations: 4565)


Started GET "/users/new?username=asas&email=asas%40asasas&password=[FILTERED]" for ::1 at 2021-01-22 11:17:48 -0500
Processing by UsersController#new as HTML
  Parameters: {"username"=>"asas", "email"=>"asas@asasas", "password"=>"[FILTERED]"}
  Rendering layout layouts/application.html.erb
  Rendering users/new.html.erb within layouts/application
  Rendered users/new.html.erb within layouts/application (Duration: 0.1ms | Allocations: 38)
[Webpacker] Everything's up-to-date. Nothing to do
  Rendered layout layouts/application.html.erb (Duration: 6.5ms | Allocations: 3008)
Completed 200 OK in 8ms (Views: 7.4ms | ActiveRecord: 0.0ms | Allocations: 3388)


Started POST "/users" for ::1 at 2021-01-22 11:17:52 -0500
Processing by UsersController#create as HTML
  Parameters: {"username"=>"asas", "email"=>"asas@asasas", "password"=>"[FILTERED]"}
Can't verify CSRF token authenticity.
Completed 422 Unprocessable Entity in 2ms (ActiveRecord: 0.0ms | Allocations: 479)


  
ActionController::InvalidAuthenticityToken (ActionController::InvalidAuthenticityToken):
  
actionpack (6.1.1) lib/action_controller/metal/request_forgery_protection.rb:211:in `handle_unverified_request'
actionpack (6.1.1) lib/action_controller/metal/request_forgery_protection.rb:243:in `handle_unverified_request'
actionpack (6.1.1) lib/action_controller/metal/request_forgery_protection.rb:238:in `verify_authenticity_token'
activesupport (6.1.1) lib/active_support/callbacks.rb:427:in `block in make_lambda'
activesupport (6.1.1) lib/active_support/callbacks.rb:198:in `block (2 levels) in halting'
actionpack (6.1.1) lib/abstract_controller/callbacks.rb:34:in `block (2 levels) in <module:Callbacks>'
activesupport (6.1.1) lib/active_support/callbacks.rb:199:in `block in halting'
activesupport (6.1.1) lib/active_support/callbacks.rb:512:in `block in invoke_before'
activesupport (6.1.1) lib/active_support/callbacks.rb:512:in `each'
activesupport (6.1.1) lib/active_support/callbacks.rb:512:in `invoke_before'
activesupport (6.1.1) lib/active_support/callbacks.rb:115:in `block in run_callbacks'
activesupport (6.1.1) lib/active_support/callbacks.rb:137:in `run_callbacks'
actionpack (6.1.1) lib/abstract_controller/callbacks.rb:41:in `process_action'
actionpack (6.1.1) lib/action_controller/metal/rescue.rb:22:in `process_action'
actionpack (6.1.1) lib/action_controller/metal/instrumentation.rb:34:in `block in process_action'
activesupport (6.1.1) lib/active_support/notifications.rb:203:in `block in instrument'
activesupport (6.1.1) lib/active_support/notifications/instrumenter.rb:24:in `instrument'
activesupport (6.1.1) lib/active_support/notifications.rb:203:in `instrument'
actionpack (6.1.1) lib/action_controller/metal/instrumentation.rb:33:in `process_action'
actionpack (6.1.1) lib/action_controller/metal/params_wrapper.rb:249:in `process_action'
activerecord (6.1.1) lib/active_record/railties/controller_runtime.rb:27:in `process_action'
actionpack (6.1.1) lib/abstract_controller/base.rb:165:in `process'
actionview (6.1.1) lib/action_view/rendering.rb:39:in `process'
actionpack (6.1.1) lib/action_controller/metal.rb:190:in `dispatch'
actionpack (6.1.1) lib/action_controller/metal.rb:254:in `dispatch'
actionpack (6.1.1) lib/action_dispatch/routing/route_set.rb:50:in `dispatch'
actionpack (6.1.1) lib/action_dispatch/routing/route_set.rb:33:in `serve'
actionpack (6.1.1) lib/action_dispatch/journey/router.rb:50:in `block in serve'
actionpack (6.1.1) lib/action_dispatch/journey/router.rb:32:in `each'
actionpack (6.1.1) lib/action_dispatch/journey/router.rb:32:in `serve'
actionpack (6.1.1) lib/action_dispatch/routing/route_set.rb:842:in `call'
rack (2.2.3) lib/rack/tempfile_reaper.rb:15:in `call'
rack (2.2.3) lib/rack/etag.rb:27:in `call'
rack (2.2.3) lib/rack/conditional_get.rb:40:in `call'
rack (2.2.3) lib/rack/head.rb:12:in `call'
actionpack (6.1.1) lib/action_dispatch/http/permissions_policy.rb:22:in `call'
actionpack (6.1.1) lib/action_dispatch/http/content_security_policy.rb:18:in `call'
rack (2.2.3) lib/rack/session/abstract/id.rb:266:in `context'
rack (2.2.3) lib/rack/session/abstract/id.rb:260:in `call'
actionpack (6.1.1) lib/action_dispatch/middleware/cookies.rb:689:in `call'
activerecord (6.1.1) lib/active_record/migration.rb:601:in `call'
actionpack (6.1.1) lib/action_dispatch/middleware/callbacks.rb:27:in `block in call'
activesupport (6.1.1) lib/active_support/callbacks.rb:98:in `run_callbacks'
actionpack (6.1.1) lib/action_dispatch/middleware/callbacks.rb:26:in `call'
actionpack (6.1.1) lib/action_dispatch/middleware/executor.rb:14:in `call'
actionpack (6.1.1) lib/action_dispatch/middleware/actionable_exceptions.rb:18:in `call'
actionpack (6.1.1) lib/action_dispatch/middleware/debug_exceptions.rb:29:in `call'
web-console (4.1.0) lib/web_console/middleware.rb:132:in `call_app'
web-console (4.1.0) lib/web_console/middleware.rb:28:in `block in call'
web-console (4.1.0) lib/web_console/middleware.rb:17:in `catch'
web-console (4.1.0) lib/web_console/middleware.rb:17:in `call'
actionpack (6.1.1) lib/action_dispatch/middleware/show_exceptions.rb:33:in `call'
railties (6.1.1) lib/rails/rack/logger.rb:37:in `call_app'
railties (6.1.1) lib/rails/rack/logger.rb:26:in `block in call'
activesupport (6.1.1) lib/active_support/tagged_logging.rb:99:in `block in tagged'
activesupport (6.1.1) lib/active_support/tagged_logging.rb:37:in `tagged'
activesupport (6.1.1) lib/active_support/tagged_logging.rb:99:in `tagged'
railties (6.1.1) lib/rails/rack/logger.rb:26:in `call'
sprockets-rails (3.2.2) lib/sprockets/rails/quiet_assets.rb:13:in `call'
actionpack (6.1.1) lib/action_dispatch/middleware/remote_ip.rb:81:in `call'
actionpack (6.1.1) lib/action_dispatch/middleware/request_id.rb:26:in `call'
rack (2.2.3) lib/rack/method_override.rb:24:in `call'
rack (2.2.3) lib/rack/runtime.rb:22:in `call'
activesupport (6.1.1) lib/active_support/cache/strategy/local_cache_middleware.rb:29:in `call'
actionpack (6.1.1) lib/action_dispatch/middleware/executor.rb:14:in `call'
actionpack (6.1.1) lib/action_dispatch/middleware/static.rb:24:in `call'
rack (2.2.3) lib/rack/sendfile.rb:110:in `call'
actionpack (6.1.1) lib/action_dispatch/middleware/host_authorization.rb:98:in `call'
rack-mini-profiler (2.3.0) lib/mini_profiler/profiler.rb:373:in `call'
webpacker (5.2.1) lib/webpacker/dev_server_proxy.rb:25:in `perform_request'
rack-proxy (0.6.5) lib/rack/proxy.rb:57:in `call'
railties (6.1.1) lib/rails/engine.rb:539:in `call'
puma (5.1.1) lib/puma/configuration.rb:246:in `call'
puma (5.1.1) lib/puma/request.rb:76:in `block in handle_request'
puma (5.1.1) lib/puma/thread_pool.rb:337:in `with_force_shutdown'
puma (5.1.1) lib/puma/request.rb:75:in `handle_request'
puma (5.1.1) lib/puma/server.rb:431:in `process_client'
puma (5.1.1) lib/puma/thread_pool.rb:145:in `block in spawn_thread'
Started GET "/users/new?username=asas&email=asas%40asasas&password=[FILTERED]" for ::1 at 2021-01-22 11:18:20 -0500
Processing by UsersController#new as HTML
  Parameters: {"username"=>"asas", "email"=>"asas@asasas", "password"=>"[FILTERED]"}
  Rendering layout layouts/application.html.erb
  Rendering users/new.html.erb within layouts/application
  Rendered users/new.html.erb within layouts/application (Duration: 0.5ms | Allocations: 151)
[Webpacker] Everything's up-to-date. Nothing to do
  Rendered layout layouts/application.html.erb (Duration: 6.7ms | Allocations: 3301)
Completed 200 OK in 10ms (Views: 8.5ms | ActiveRecord: 0.0ms | Allocations: 4387)


Started GET "/users/new?username=asas&email=asas%40asasas&password=[FILTERED]" for ::1 at 2021-01-22 11:18:23 -0500
Processing by UsersController#new as HTML
  Parameters: {"username"=>"asas", "email"=>"asas@asasas", "password"=>"[FILTERED]"}
  Rendering layout layouts/application.html.erb
  Rendering users/new.html.erb within layouts/application
  Rendered users/new.html.erb within layouts/application (Duration: 0.3ms | Allocations: 58)
[Webpacker] Everything's up-to-date. Nothing to do
  Rendered layout layouts/application.html.erb (Duration: 5.9ms | Allocations: 3025)
Completed 200 OK in 9ms (Views: 7.3ms | ActiveRecord: 0.0ms | Allocations: 3400)


Started GET "/users/new?username=asas&email=asas%40asasas&password=[FILTERED]" for ::1 at 2021-01-22 11:18:23 -0500
Processing by UsersController#new as HTML
  Parameters: {"username"=>"asas", "email"=>"asas@asasas", "password"=>"[FILTERED]"}
  Rendering layout layouts/application.html.erb
  Rendering users/new.html.erb within layouts/application
  Rendered users/new.html.erb within layouts/application (Duration: 0.5ms | Allocations: 58)
[Webpacker] Everything's up-to-date. Nothing to do
  Rendered layout layouts/application.html.erb (Duration: 11.6ms | Allocations: 3026)
Completed 200 OK in 14ms (Views: 13.0ms | ActiveRecord: 0.0ms | Allocations: 3400)


Started POST "/users" for ::1 at 2021-01-22 11:18:27 -0500
Processing by UsersController#create as HTML
  Parameters: {"authenticity_token"=>"[FILTERED]", "username"=>"asas", "email"=>"asas@asasas", "password"=>"[FILTERED]"}
No template found for UsersController#create, rendering head :no_content
Completed 204 No Content in 4ms (ActiveRecord: 0.0ms | Allocations: 1506)


Started POST "/users" for ::1 at 2021-01-22 11:18:28 -0500
Processing by UsersController#create as HTML
  Parameters: {"authenticity_token"=>"[FILTERED]", "username"=>"asas", "email"=>"asas@asasas", "password"=>"[FILTERED]"}
No template found for UsersController#create, rendering head :no_content
Completed 204 No Content in 1ms (ActiveRecord: 0.0ms | Allocations: 304)


Started POST "/users" for ::1 at 2021-01-22 11:18:30 -0500
Processing by UsersController#create as HTML
  Parameters: {"authenticity_token"=>"[FILTERED]", "username"=>"asas", "email"=>"asas@asasas", "password"=>"[FILTERED]"}
No template found for UsersController#create, rendering head :no_content
Completed 204 No Content in 1ms (ActiveRecord: 0.0ms | Allocations: 299)


Started POST "/users" for ::1 at 2021-01-22 11:18:30 -0500
Processing by UsersController#create as HTML
  Parameters: {"authenticity_token"=>"[FILTERED]", "username"=>"asas", "email"=>"asas@asasas", "password"=>"[FILTERED]"}
No template found for UsersController#create, rendering head :no_content
Completed 204 No Content in 2ms (ActiveRecord: 0.0ms | Allocations: 299)


Started POST "/users" for ::1 at 2021-01-22 11:18:31 -0500
Processing by UsersController#create as HTML
  Parameters: {"authenticity_token"=>"[FILTERED]", "username"=>"asas", "email"=>"asas@asasas", "password"=>"[FILTERED]"}
No template found for UsersController#create, rendering head :no_content
Completed 204 No Content in 2ms (ActiveRecord: 0.0ms | Allocations: 299)


Started POST "/users" for ::1 at 2021-01-22 11:18:31 -0500
Processing by UsersController#create as HTML
  Parameters: {"authenticity_token"=>"[FILTERED]", "username"=>"asas", "email"=>"asas@asasas", "password"=>"[FILTERED]"}
No template found for UsersController#create, rendering head :no_content
Completed 204 No Content in 1ms (ActiveRecord: 0.0ms | Allocations: 299)


Started POST "/users" for ::1 at 2021-01-22 11:18:31 -0500
Processing by UsersController#create as HTML
  Parameters: {"authenticity_token"=>"[FILTERED]", "username"=>"asas", "email"=>"asas@asasas", "password"=>"[FILTERED]"}
No template found for UsersController#create, rendering head :no_content
Completed 204 No Content in 2ms (ActiveRecord: 0.0ms | Allocations: 300)


Started POST "/users" for ::1 at 2021-01-22 11:18:32 -0500
Processing by UsersController#create as HTML
  Parameters: {"authenticity_token"=>"[FILTERED]", "username"=>"asas", "email"=>"asas@asasas", "password"=>"[FILTERED]"}
No template found for UsersController#create, rendering head :no_content
Completed 204 No Content in 1ms (ActiveRecord: 0.0ms | Allocations: 299)


Started POST "/users" for ::1 at 2021-01-22 11:18:32 -0500
Processing by UsersController#create as HTML
  Parameters: {"authenticity_token"=>"[FILTERED]", "username"=>"asas", "email"=>"asas@asasas", "password"=>"[FILTERED]"}
No template found for UsersController#create, rendering head :no_content
Completed 204 No Content in 1ms (ActiveRecord: 0.0ms | Allocations: 299)


Started POST "/users" for ::1 at 2021-01-22 11:20:13 -0500
Processing by UsersController#create as HTML
  Parameters: {"authenticity_token"=>"[FILTERED]", "username"=>"asas", "email"=>"asas@asasas", "password"=>"[FILTERED]"}
No template found for UsersController#create, rendering head :no_content
Completed 204 No Content in 5ms (Allocations: 1502)


Started GET "/users/new?username=asas&email=asas%40asasas&password=[FILTERED]" for ::1 at 2021-01-22 11:20:14 -0500
Processing by UsersController#new as HTML
  Parameters: {"username"=>"asas", "email"=>"asas@asasas", "password"=>"[FILTERED]"}
  Rendering layout layouts/application.html.erb
  Rendering users/new.html.erb within layouts/application
  Rendered users/new.html.erb within layouts/application (Duration: 0.9ms | Allocations: 150)
[Webpacker] Everything's up-to-date. Nothing to do
  Rendered layout layouts/application.html.erb (Duration: 7.0ms | Allocations: 3290)
Completed 200 OK in 13ms (Views: 10.9ms | Allocations: 4349)


Started POST "/users/create" for ::1 at 2021-01-22 11:20:19 -0500
  
ActionController::RoutingError (No route matches [POST] "/users/create"):
  
Started GET "/users/new?username=asas&email=asas%40asasas&password=[FILTERED]" for ::1 at 2021-01-22 11:21:41 -0500
Processing by UsersController#new as HTML
  Parameters: {"username"=>"asas", "email"=>"asas@asasas", "password"=>"[FILTERED]"}
  Rendering layout layouts/application.html.erb
  Rendering users/new.html.erb within layouts/application
  Rendered users/new.html.erb within layouts/application (Duration: 1.9ms | Allocations: 149)
[Webpacker] Everything's up-to-date. Nothing to do
  Rendered layout layouts/application.html.erb (Duration: 8.2ms | Allocations: 3299)
Completed 200 OK in 13ms (Views: 10.1ms | Allocations: 4383)


Started POST "/users/create" for ::1 at 2021-01-22 11:21:43 -0500
  
ActionController::RoutingError (No route matches [POST] "/users/create"):
  
Started GET "/users/new?username=asas&email=asas%40asasas&password=[FILTERED]" for ::1 at 2021-01-22 11:21:46 -0500
Processing by UsersController#new as HTML
  Parameters: {"username"=>"asas", "email"=>"asas@asasas", "password"=>"[FILTERED]"}
  Rendering layout layouts/application.html.erb
  Rendering users/new.html.erb within layouts/application
  Rendered users/new.html.erb within layouts/application (Duration: 0.4ms | Allocations: 58)
[Webpacker] Everything's up-to-date. Nothing to do
  Rendered layout layouts/application.html.erb (Duration: 7.7ms | Allocations: 3025)
Completed 200 OK in 9ms (Views: 8.5ms | Allocations: 3400)


Started GET "/users/new?username=asas&email=asas%40asasas&password=[FILTERED]" for ::1 at 2021-01-22 11:21:46 -0500
Processing by UsersController#new as HTML
  Parameters: {"username"=>"asas", "email"=>"asas@asasas", "password"=>"[FILTERED]"}
  Rendering layout layouts/application.html.erb
  Rendering users/new.html.erb within layouts/application
  Rendered users/new.html.erb within layouts/application (Duration: 0.2ms | Allocations: 58)
[Webpacker] Everything's up-to-date. Nothing to do
  Rendered layout layouts/application.html.erb (Duration: 5.1ms | Allocations: 3035)
Completed 200 OK in 6ms (Views: 5.6ms | Allocations: 3411)


Started POST "/users/create" for ::1 at 2021-01-22 11:21:51 -0500
  
ActionController::RoutingError (No route matches [POST] "/users/create"):
  
Started GET "/users/new?username=asas&email=asas%40asasas&password=[FILTERED]" for ::1 at 2021-01-22 11:23:06 -0500
Processing by UsersController#new as HTML
  Parameters: {"username"=>"asas", "email"=>"asas@asasas", "password"=>"[FILTERED]"}
  Rendering layout layouts/application.html.erb
  Rendering users/new.html.erb within layouts/application
  Rendered users/new.html.erb within layouts/application (Duration: 1.0ms | Allocations: 150)
[Webpacker] Everything's up-to-date. Nothing to do
  Rendered layout layouts/application.html.erb (Duration: 12.9ms | Allocations: 3300)
Completed 200 OK in 17ms (Views: 15.7ms | Allocations: 4384)


Started POST "/users" for ::1 at 2021-01-22 11:23:12 -0500
Processing by UsersController#create as HTML
  Parameters: {"authenticity_token"=>"[FILTERED]", "username"=>"asas", "email"=>"asas@asasas", "password"=>"[FILTERED]"}
  Rendering layout layouts/application.html.erb
  Rendering users/create.html.erb within layouts/application
  Rendered users/create.html.erb within layouts/application (Duration: 0.4ms | Allocations: 97)
[Webpacker] Everything's up-to-date. Nothing to do
  Rendered layout layouts/application.html.erb (Duration: 8.1ms | Allocations: 3080)
Completed 200 OK in 10ms (Views: 8.6ms | Allocations: 3614)


Started GET "/users/new?username=asas&email=asas%40asasas&password=[FILTERED]" for ::1 at 2021-01-22 11:27:22 -0500
Processing by UsersController#new as HTML
  Parameters: {"username"=>"asas", "email"=>"asas@asasas", "password"=>"[FILTERED]"}
  Rendering layout layouts/application.html.erb
  Rendering users/new.html.erb within layouts/application
  Rendered users/new.html.erb within layouts/application (Duration: 0.3ms | Allocations: 59)
[Webpacker] Everything's up-to-date. Nothing to do
  Rendered layout layouts/application.html.erb (Duration: 10.1ms | Allocations: 3007)
Completed 200 OK in 14ms (Views: 12.0ms | Allocations: 3500)


Started POST "/users" for ::1 at 2021-01-22 11:27:25 -0500
Processing by UsersController#create as HTML
  Parameters: {"authenticity_token"=>"[FILTERED]", "username"=>"asas", "email"=>"asas@asasas", "password"=>"[FILTERED]"}
Completed 500 Internal Server Error in 10ms (Allocations: 3078)


  
NameError (undefined local variable or method `user' for #<UsersController:0x0000000000a4b0>
Did you mean?  super):
  
app/controllers/users_controller.rb:6:in `create'
Started GET "/users/new?username=asas&email=asas%40asasas&password=[FILTERED]" for ::1 at 2021-01-22 11:27:57 -0500
Processing by UsersController#new as HTML
  Parameters: {"username"=>"asas", "email"=>"asas@asasas", "password"=>"[FILTERED]"}
  Rendering layout layouts/application.html.erb
  Rendering users/new.html.erb within layouts/application
  Rendered users/new.html.erb within layouts/application (Duration: 0.5ms | Allocations: 59)
[Webpacker] Everything's up-to-date. Nothing to do
  Rendered layout layouts/application.html.erb (Duration: 9.7ms | Allocations: 3017)
Completed 200 OK in 14ms (Views: 11.3ms | Allocations: 3511)


Started POST "/users" for ::1 at 2021-01-22 11:27:59 -0500
Processing by UsersController#create as HTML
  Parameters: {"authenticity_token"=>"[FILTERED]", "username"=>"asas", "email"=>"asas@asasas", "password"=>"[FILTERED]"}
Completed 500 Internal Server Error in 12ms (Allocations: 3281)


  
NoMethodError (undefined method `username' for #<UsersController:0x0000000000b630>):
  
app/controllers/users_controller.rb:6:in `create'
Started GET "/users/new?username=asas&email=asas%40asasas&password=[FILTERED]" for ::1 at 2021-01-22 11:28:29 -0500
Processing by UsersController#new as HTML
  Parameters: {"username"=>"asas", "email"=>"asas@asasas", "password"=>"[FILTERED]"}
  Rendering layout layouts/application.html.erb
  Rendering users/new.html.erb within layouts/application
  Rendered users/new.html.erb within layouts/application (Duration: 0.3ms | Allocations: 59)
[Webpacker] Everything's up-to-date. Nothing to do
  Rendered layout layouts/application.html.erb (Duration: 6.2ms | Allocations: 3017)
Completed 200 OK in 9ms (Views: 7.8ms | Allocations: 3511)


Started POST "/users" for ::1 at 2021-01-22 11:28:38 -0500
Processing by UsersController#create as HTML
  Parameters: {"authenticity_token"=>"[FILTERED]", "username"=>"asas", "email"=>"asas@asasas", "password"=>"[FILTERED]"}
  [1m[35m (0.2ms)[0m  [1m[34mSELECT sqlite_version(*)[0m
  ↳ app/controllers/users_controller.rb:6:in `create'
  [1m[36mTRANSACTION (0.1ms)[0m  [1m[36mbegin transaction[0m
  ↳ app/controllers/users_controller.rb:8:in `create'
  [1m[36mUser Create (0.7ms)[0m  [1m[32mINSERT INTO "users" ("username", "email", "password", "created_at", "updated_at") VALUES (?, ?, ?, ?, ?)[0m  [["username", "asas"], ["email", "asas@asasas"], ["password", "asasas"], ["created_at", "2021-01-22 16:28:38.511305"], ["updated_at", "2021-01-22 16:28:38.511305"]]
  ↳ app/controllers/users_controller.rb:8:in `create'
  [1m[36mTRANSACTION (161.6ms)[0m  [1m[36mcommit transaction[0m
  ↳ app/controllers/users_controller.rb:8:in `create'
Redirected to http://localhost:3000/users/new
Completed 302 Found in 208ms (ActiveRecord: 164.3ms | Allocations: 9418)


Started GET "/users/new" for ::1 at 2021-01-22 11:28:38 -0500
Processing by UsersController#new as HTML
  Rendering layout layouts/application.html.erb
  Rendering users/new.html.erb within layouts/application
  Rendered users/new.html.erb within layouts/application (Duration: 0.8ms | Allocations: 58)
[Webpacker] Everything's up-to-date. Nothing to do
  Rendered layout layouts/application.html.erb (Duration: 21.3ms | Allocations: 3025)
Completed 200 OK in 28ms (Views: 25.5ms | ActiveRecord: 0.0ms | Allocations: 3399)


Started POST "/users" for ::1 at 2021-01-22 11:29:56 -0500
Processing by UsersController#create as HTML
  Parameters: {"authenticity_token"=>"[FILTERED]", "username"=>"asas", "email"=>"asas@asasas", "password"=>"[FILTERED]"}
  Rendering layout layouts/application.html.erb
  Rendering users/new.html.erb within layouts/application
  Rendered users/new.html.erb within layouts/application (Duration: 0.4ms | Allocations: 57)
[Webpacker] Everything's up-to-date. Nothing to do
  Rendered layout layouts/application.html.erb (Duration: 8.9ms | Allocations: 2963)
Completed 200 OK in 13ms (Views: 9.8ms | ActiveRecord: 0.0ms | Allocations: 3908)


Started POST "/users" for ::1 at 2021-01-22 11:29:58 -0500
Processing by UsersController#create as HTML
  Parameters: {"authenticity_token"=>"[FILTERED]", "username"=>"", "email"=>"", "password"=>"[FILTERED]"}
  Rendering layout layouts/application.html.erb
  Rendering users/new.html.erb within layouts/application
  Rendered users/new.html.erb within layouts/application (Duration: 0.4ms | Allocations: 57)
[Webpacker] Everything's up-to-date. Nothing to do
  Rendered layout layouts/application.html.erb (Duration: 7.5ms | Allocations: 2953)
Completed 200 OK in 11ms (Views: 9.1ms | ActiveRecord: 0.0ms | Allocations: 3919)


Started POST "/users" for ::1 at 2021-01-22 11:30:49 -0500
Processing by UsersController#create as HTML
  Parameters: {"authenticity_token"=>"[FILTERED]", "username"=>"asas", "email"=>"asas@asasas", "password"=>"[FILTERED]"}
  Rendering layout layouts/application.html.erb
  Rendering users/new.html.erb within layouts/application
  Rendered users/new.html.erb within layouts/application (Duration: 0.4ms | Allocations: 57)
[Webpacker] Everything's up-to-date. Nothing to do
  Rendered layout layouts/application.html.erb (Duration: 8.2ms | Allocations: 2953)
Completed 200 OK in 12ms (Views: 9.2ms | ActiveRecord: 0.0ms | Allocations: 3894)


Started POST "/users" for ::1 at 2021-01-22 11:30:51 -0500
Processing by UsersController#create as HTML
  Parameters: {"authenticity_token"=>"[FILTERED]", "username"=>"", "email"=>"", "password"=>"[FILTERED]"}
  Rendering layout layouts/application.html.erb
  Rendering users/new.html.erb within layouts/application
  Rendered users/new.html.erb within layouts/application (Duration: 0.4ms | Allocations: 57)
[Webpacker] Everything's up-to-date. Nothing to do
  Rendered layout layouts/application.html.erb (Duration: 7.1ms | Allocations: 2955)
Completed 200 OK in 11ms (Views: 8.0ms | ActiveRecord: 0.0ms | Allocations: 3923)


Started POST "/users" for ::1 at 2021-01-22 11:30:51 -0500
Processing by UsersController#create as HTML
  Parameters: {"authenticity_token"=>"[FILTERED]", "username"=>"", "email"=>"", "password"=>"[FILTERED]"}
  Rendering layout layouts/application.html.erb
  Rendering users/new.html.erb within layouts/application
  Rendered users/new.html.erb within layouts/application (Duration: 0.6ms | Allocations: 57)
[Webpacker] Everything's up-to-date. Nothing to do
  Rendered layout layouts/application.html.erb (Duration: 24.2ms | Allocations: 2953)
Completed 200 OK in 32ms (Views: 26.3ms | ActiveRecord: 0.0ms | Allocations: 3919)


Started POST "/users" for ::1 at 2021-01-22 11:30:52 -0500
Processing by UsersController#create as HTML
  Parameters: {"authenticity_token"=>"[FILTERED]", "username"=>"", "email"=>"", "password"=>"[FILTERED]"}
  Rendering layout layouts/application.html.erb
  Rendering users/new.html.erb within layouts/application
  Rendered users/new.html.erb within layouts/application (Duration: 0.6ms | Allocations: 57)
[Webpacker] Everything's up-to-date. Nothing to do
  Rendered layout layouts/application.html.erb (Duration: 18.6ms | Allocations: 2953)
Completed 200 OK in 25ms (Views: 20.5ms | ActiveRecord: 0.0ms | Allocations: 3911)


Started POST "/users" for ::1 at 2021-01-22 11:31:00 -0500
Processing by UsersController#create as HTML
  Parameters: {"authenticity_token"=>"[FILTERED]", "username"=>"", "email"=>"asasas@a", "password"=>"[FILTERED]"}
  Rendering layout layouts/application.html.erb
  Rendering users/new.html.erb within layouts/application
  Rendered users/new.html.erb within layouts/application (Duration: 0.2ms | Allocations: 57)
[Webpacker] Everything's up-to-date. Nothing to do
  Rendered layout layouts/application.html.erb (Duration: 6.1ms | Allocations: 2953)
Completed 200 OK in 8ms (Views: 6.6ms | ActiveRecord: 0.0ms | Allocations: 3901)


  [1m[35m (1.0ms)[0m  [1m[34mSELECT sqlite_version(*)[0m
Started POST "/users" for ::1 at 2021-01-22 11:34:37 -0500
Processing by UsersController#create as HTML
  Parameters: {"authenticity_token"=>"[FILTERED]", "username"=>"asas", "email"=>"", "password"=>"[FILTERED]"}
  [1m[35m (0.1ms)[0m  [1m[34mSELECT sqlite_version(*)[0m
  ↳ app/controllers/users_controller.rb:6:in `create'
  Rendering layout layouts/application.html.erb
  Rendering users/new.html.erb within layouts/application
  Rendered users/new.html.erb within layouts/application (Duration: 0.3ms | Allocations: 58)
[Webpacker] Everything's up-to-date. Nothing to do
  Rendered layout layouts/application.html.erb (Duration: 8.7ms | Allocations: 2966)
Completed 200 OK in 27ms (Views: 10.2ms | ActiveRecord: 2.6ms | Allocations: 7816)


Started POST "/users" for ::1 at 2021-01-22 11:35:00 -0500
Processing by UsersController#create as HTML
  Parameters: {"authenticity_token"=>"[FILTERED]", "username"=>"asas", "email"=>"", "password"=>"[FILTERED]"}
  [1m[35m (0.1ms)[0m  [1m[34mSELECT sqlite_version(*)[0m
  ↳ app/controllers/users_controller.rb:6:in `create'
  Rendering layout layouts/application.html.erb
  Rendering users/new.html.erb within layouts/application
  Rendered users/new.html.erb within layouts/application (Duration: 0.4ms | Allocations: 58)
[Webpacker] Everything's up-to-date. Nothing to do
  Rendered layout layouts/application.html.erb (Duration: 6.4ms | Allocations: 2966)
Completed 200 OK in 19ms (Views: 8.4ms | ActiveRecord: 1.0ms | Allocations: 7824)


Started GET "/users/new" for ::1 at 2021-01-22 11:35:04 -0500
Processing by UsersController#new as HTML
  Rendering layout layouts/application.html.erb
  Rendering users/new.html.erb within layouts/application
  Rendered users/new.html.erb within layouts/application (Duration: 0.3ms | Allocations: 58)
[Webpacker] Everything's up-to-date. Nothing to do
  Rendered layout layouts/application.html.erb (Duration: 7.6ms | Allocations: 3025)
Completed 200 OK in 9ms (Views: 8.3ms | ActiveRecord: 0.0ms | Allocations: 3399)


Started POST "/users" for ::1 at 2021-01-22 11:35:07 -0500
Processing by UsersController#create as HTML
  Parameters: {"authenticity_token"=>"[FILTERED]", "username"=>"asas", "email"=>"", "password"=>"[FILTERED]"}
  Rendering layout layouts/application.html.erb
  Rendering users/new.html.erb within layouts/application
  Rendered users/new.html.erb within layouts/application (Duration: 0.4ms | Allocations: 57)
[Webpacker] Everything's up-to-date. Nothing to do
  Rendered layout layouts/application.html.erb (Duration: 6.9ms | Allocations: 2953)
Completed 200 OK in 10ms (Views: 7.9ms | ActiveRecord: 0.0ms | Allocations: 3901)


Started GET "/users/new" for ::1 at 2021-01-22 11:35:11 -0500
Processing by UsersController#new as HTML
  Rendering layout layouts/application.html.erb
  Rendering users/new.html.erb within layouts/application
  Rendered users/new.html.erb within layouts/application (Duration: 0.5ms | Allocations: 58)
[Webpacker] Everything's up-to-date. Nothing to do
  Rendered layout layouts/application.html.erb (Duration: 14.4ms | Allocations: 3025)
Completed 200 OK in 18ms (Views: 16.0ms | ActiveRecord: 0.0ms | Allocations: 3399)


Started POST "/users" for ::1 at 2021-01-22 11:35:24 -0500
Processing by UsersController#create as HTML
  Parameters: {"authenticity_token"=>"[FILTERED]", "username"=>"asas", "email"=>"asas@asasas", "password"=>"[FILTERED]"}
  [1m[36mTRANSACTION (0.1ms)[0m  [1m[36mbegin transaction[0m
  ↳ app/controllers/users_controller.rb:8:in `create'
  [1m[36mUser Create (0.5ms)[0m  [1m[32mINSERT INTO "users" ("username", "email", "password", "created_at", "updated_at") VALUES (?, ?, ?, ?, ?)[0m  [["username", "asas"], ["email", "asas@asasas"], ["password", "asas"], ["created_at", "2021-01-22 16:35:24.134226"], ["updated_at", "2021-01-22 16:35:24.134226"]]
  ↳ app/controllers/users_controller.rb:8:in `create'
  [1m[36mTRANSACTION (538.7ms)[0m  [1m[36mcommit transaction[0m
  ↳ app/controllers/users_controller.rb:8:in `create'
Redirected to http://localhost:3000/users/new
Completed 302 Found in 553ms (ActiveRecord: 539.3ms | Allocations: 4677)


Started GET "/users/new" for ::1 at 2021-01-22 11:35:24 -0500
Processing by UsersController#new as HTML
  Rendering layout layouts/application.html.erb
  Rendering users/new.html.erb within layouts/application
  Rendered users/new.html.erb within layouts/application (Duration: 0.3ms | Allocations: 58)
[Webpacker] Everything's up-to-date. Nothing to do
  Rendered layout layouts/application.html.erb (Duration: 8.1ms | Allocations: 3025)
Completed 200 OK in 9ms (Views: 8.8ms | ActiveRecord: 0.0ms | Allocations: 3399)


Started POST "/users" for ::1 at 2021-01-22 11:35:43 -0500
Processing by UsersController#create as HTML
  Parameters: {"authenticity_token"=>"[FILTERED]", "username"=>"as", "email"=>"asas@asasas", "password"=>"[FILTERED]"}
  [1m[35m (0.1ms)[0m  [1m[34mSELECT sqlite_version(*)[0m
  ↳ app/controllers/users_controller.rb:6:in `create'
  [1m[36mTRANSACTION (0.1ms)[0m  [1m[36mbegin transaction[0m
  ↳ app/controllers/users_controller.rb:8:in `create'
  [1m[36mUser Create (0.3ms)[0m  [1m[32mINSERT INTO "users" ("username", "email", "password", "created_at", "updated_at") VALUES (?, ?, ?, ?, ?)[0m  [["username", "as"], ["email", "asas@asasas"], ["password", "a"], ["created_at", "2021-01-22 16:35:43.555065"], ["updated_at", "2021-01-22 16:35:43.555065"]]
  ↳ app/controllers/users_controller.rb:8:in `create'
  [1m[36mTRANSACTION (221.0ms)[0m  [1m[36mcommit transaction[0m
  ↳ app/controllers/users_controller.rb:8:in `create'
Completed 500 Internal Server Error in 253ms (ActiveRecord: 222.8ms | Allocations: 11329)


  
NameError (undefined local variable or method `new_users_path' for #<UsersController:0x0000000000f2d0>
Did you mean?  new_user_path):
  
app/controllers/users_controller.rb:9:in `create'
Started GET "/users/new" for ::1 at 2021-01-22 11:35:49 -0500
Processing by UsersController#new as HTML
  Rendering layout layouts/application.html.erb
  Rendering users/new.html.erb within layouts/application
  Rendered users/new.html.erb within layouts/application (Duration: 0.3ms | Allocations: 59)
[Webpacker] Everything's up-to-date. Nothing to do
  Rendered layout layouts/application.html.erb (Duration: 6.1ms | Allocations: 3038)
Completed 200 OK in 8ms (Views: 7.3ms | ActiveRecord: 0.0ms | Allocations: 3526)


Started POST "/users" for ::1 at 2021-01-22 11:35:51 -0500
Processing by UsersController#create as HTML
  Parameters: {"authenticity_token"=>"[FILTERED]", "username"=>"as", "email"=>"asas@asasas", "password"=>"[FILTERED]"}
  Rendering layout layouts/application.html.erb
  Rendering users/new.html.erb within layouts/application
  Rendered users/new.html.erb within layouts/application (Duration: 0.4ms | Allocations: 57)
[Webpacker] Everything's up-to-date. Nothing to do
  Rendered layout layouts/application.html.erb (Duration: 7.0ms | Allocations: 2953)
Completed 200 OK in 10ms (Views: 7.8ms | ActiveRecord: 0.0ms | Allocations: 3891)


Started POST "/users" for ::1 at 2021-01-22 11:36:14 -0500
Processing by UsersController#create as HTML
  Parameters: {"authenticity_token"=>"[FILTERED]", "username"=>"asas", "email"=>"asas@asasas", "password"=>"[FILTERED]"}
  [1m[35m (0.1ms)[0m  [1m[34mSELECT sqlite_version(*)[0m
  ↳ app/controllers/users_controller.rb:6:in `create'
  [1m[36mTRANSACTION (0.1ms)[0m  [1m[36mbegin transaction[0m
  ↳ app/controllers/users_controller.rb:8:in `create'
  [1m[36mUser Create (0.3ms)[0m  [1m[32mINSERT INTO "users" ("username", "email", "password", "created_at", "updated_at") VALUES (?, ?, ?, ?, ?)[0m  [["username", "asas"], ["email", "asas@asasas"], ["password", "asasas"], ["created_at", "2021-01-22 16:36:14.849014"], ["updated_at", "2021-01-22 16:36:14.849014"]]
  ↳ app/controllers/users_controller.rb:8:in `create'
  [1m[36mTRANSACTION (139.3ms)[0m  [1m[36mcommit transaction[0m
  ↳ app/controllers/users_controller.rb:8:in `create'
Completed 500 Internal Server Error in 218ms (ActiveRecord: 142.0ms | Allocations: 10682)


  
NameError (undefined local variable or method `new_users_path' for #<UsersController:0x00000000010478>
Did you mean?  new_user_path):
  
app/controllers/users_controller.rb:9:in `create'
Started GET "/users" for ::1 at 2021-01-22 11:36:17 -0500
  
ActionController::RoutingError (No route matches [GET] "/users"):
  
Started GET "/users/new" for ::1 at 2021-01-22 11:36:19 -0500
Processing by UsersController#new as HTML
  Rendering layout layouts/application.html.erb
  Rendering users/new.html.erb within layouts/application
  Rendered users/new.html.erb within layouts/application (Duration: 0.4ms | Allocations: 59)
[Webpacker] Everything's up-to-date. Nothing to do
  Rendered layout layouts/application.html.erb (Duration: 11.3ms | Allocations: 3038)
Completed 200 OK in 14ms (Views: 13.1ms | ActiveRecord: 0.0ms | Allocations: 3526)


Started POST "/users" for ::1 at 2021-01-22 11:36:24 -0500
Processing by UsersController#create as HTML
  Parameters: {"authenticity_token"=>"[FILTERED]", "username"=>"as", "email"=>"asas@asasas", "password"=>"[FILTERED]"}
  Rendering layout layouts/application.html.erb
  Rendering users/new.html.erb within layouts/application
  Rendered users/new.html.erb within layouts/application (Duration: 0.2ms | Allocations: 57)
[Webpacker] Everything's up-to-date. Nothing to do
  Rendered layout layouts/application.html.erb (Duration: 8.9ms | Allocations: 2963)
Completed 200 OK in 11ms (Views: 9.6ms | ActiveRecord: 0.0ms | Allocations: 3903)


Started POST "/users" for ::1 at 2021-01-22 11:37:20 -0500
Processing by UsersController#create as HTML
  Parameters: {"authenticity_token"=>"[FILTERED]", "username"=>"asas", "email"=>"asasas@a", "password"=>"[FILTERED]"}
  [1m[35m (0.1ms)[0m  [1m[34mSELECT sqlite_version(*)[0m
  ↳ app/controllers/users_controller.rb:6:in `create'
  Rendering layout layouts/application.html.erb
  Rendering users/new.html.erb within layouts/application
  Rendered users/new.html.erb within layouts/application (Duration: 0.3ms | Allocations: 58)
[Webpacker] Everything's up-to-date. Nothing to do
  Rendered layout layouts/application.html.erb (Duration: 8.1ms | Allocations: 2956)
Completed 200 OK in 26ms (Views: 10.4ms | ActiveRecord: 1.6ms | Allocations: 7789)


